<?xml version="1.0" encoding="UTF-8"?>
<!-- Generated by org.testng.reporters.JUnitXMLReporter -->
<testsuite ignored="0" hostname="DESKTOP-F0GPHOQ" failures="0" tests="3" name="Test" time="0.09" errors="0" timestamp="2026-07-29T19:53:59 IST">
  <testcase classname="FirstPacakage.First2" name="firstTest" time="0.016"/>
  <testcase classname="FirstPacakage.First2" name="secondMethod" time="0.002"/>
  <testcase classname="FirstPacakage.First2" name="thirdMethod" time="0.002"/>
</testsuite> <!-- Test -->
