<?xml version="1.0" encoding="UTF-8"?>
<!-- Generated by org.testng.reporters.JUnitXMLReporter -->
<testsuite ignored="0" hostname="DESKTOP-F0GPHOQ" failures="0" tests="3" name="Test1" time="0.105" errors="0" timestamp="2026-07-29T19:53:59 IST">
  <testcase classname="FirstPacakage.First1" name="classAfirstMethod" time="0.039"/>
  <testcase classname="FirstPacakage.First1" name="classAsecondMethod" time="0.002"/>
  <testcase classname="FirstPacakage.First1" name="classAthirdMethod" time="0.001"/>
</testsuite> <!-- Test1 -->
