<?xml version="1.0" encoding="UTF-8"?>
<testng-results ignored="0" total="6" passed="6" failed="0" skipped="0">
  <reporter-output>
  </reporter-output>
  <suite started-at="2026-07-29T19:53:59 IST" name="Suite" finished-at="2026-07-29T19:53:59 IST" duration-ms="105">
    <groups>
    </groups>
    <test started-at="2026-07-29T19:53:59 IST" name="Test" finished-at="2026-07-29T19:53:59 IST" duration-ms="90">
      <class name="FirstPacakage.First2">
        <test-method signature="firstTest()[pri:0, instance:FirstPacakage.First2@7b2bbc3]" started-at="2026-07-29T19:53:59 IST" name="firstTest" finished-at="2026-07-29T19:53:59 IST" duration-ms="16" status="PASS">
          <reporter-output>
          </reporter-output>
        </test-method> <!-- firstTest -->
        <test-method signature="secondMethod()[pri:0, instance:FirstPacakage.First2@7b2bbc3]" started-at="2026-07-29T19:53:59 IST" name="secondMethod" finished-at="2026-07-29T19:53:59 IST" duration-ms="2" status="PASS">
          <reporter-output>
          </reporter-output>
        </test-method> <!-- secondMethod -->
        <test-method signature="thirdMethod()[pri:0, instance:FirstPacakage.First2@7b2bbc3]" started-at="2026-07-29T19:53:59 IST" name="thirdMethod" finished-at="2026-07-29T19:53:59 IST" duration-ms="2" status="PASS">
          <reporter-output>
          </reporter-output>
        </test-method> <!-- thirdMethod -->
      </class> <!-- FirstPacakage.First2 -->
    </test> <!-- Test -->
    <test started-at="2026-07-29T19:53:59 IST" name="Test1" finished-at="2026-07-29T19:53:59 IST" duration-ms="105">
      <class name="FirstPacakage.First1">
        <test-method signature="classAfirstMethod()[pri:0, instance:FirstPacakage.First1@2cd76f31]" started-at="2026-07-29T19:53:59 IST" name="classAfirstMethod" finished-at="2026-07-29T19:53:59 IST" duration-ms="39" status="PASS">
          <reporter-output>
          </reporter-output>
        </test-method> <!-- classAfirstMethod -->
        <test-method signature="classAsecondMethod()[pri:0, instance:FirstPacakage.First1@2cd76f31]" started-at="2026-07-29T19:53:59 IST" name="classAsecondMethod" finished-at="2026-07-29T19:53:59 IST" duration-ms="2" status="PASS">
          <reporter-output>
          </reporter-output>
        </test-method> <!-- classAsecondMethod -->
        <test-method signature="classAthirdMethod()[pri:0, instance:FirstPacakage.First1@2cd76f31]" started-at="2026-07-29T19:53:59 IST" name="classAthirdMethod" finished-at="2026-07-29T19:53:59 IST" duration-ms="1" status="PASS">
          <reporter-output>
          </reporter-output>
        </test-method> <!-- classAthirdMethod -->
      </class> <!-- FirstPacakage.First1 -->
    </test> <!-- Test1 -->
  </suite> <!-- Suite -->
</testng-results>
