<?xml version="1.0" encoding="UTF-8"?>
<!-- Generated by org.testng.reporters.JUnitReportReporter -->
<testsuite hostname="DESKTOP-F0GPHOQ" failures="0" tests="3" name="FirstPacakage.First1" time="0.042" errors="0" timestamp="2026-07-29T19:53:59 IST" skipped="0">
  <testcase classname="FirstPacakage.First1" name="classAsecondMethod" time="0.002"/>
  <testcase classname="FirstPacakage.First1" name="classAthirdMethod" time="0.001"/>
  <testcase classname="FirstPacakage.First1" name="classAfirstMethod" time="0.039"/>
</testsuite> <!-- FirstPacakage.First1 -->
